<?xml version="1.0" encoding="UTF-8"?>
<testng-results ignored="0" total="1" passed="1" failed="0" skipped="0">
  <reporter-output>
  </reporter-output>
  <suite started-at="2024-03-27T00:32:29 IST" name="Default suite" finished-at="2024-03-27T00:32:35 IST" duration-ms="5881">
    <groups>
    </groups>
    <test started-at="2024-03-27T00:32:29 IST" name="Default test" finished-at="2024-03-27T00:32:35 IST" duration-ms="5881">
      <class name="selenium.Perform_Contol_Plus_A_Using_Selenium">
        <test-method signature="performControlPlusAUsingSelenium()[pri:0, instance:selenium.Perform_Contol_Plus_A_Using_Selenium@351d00c0]" started-at="2024-03-27T00:32:29 IST" name="performControlPlusAUsingSelenium" finished-at="2024-03-27T00:32:35 IST" duration-ms="5810" status="PASS">
          <reporter-output>
          </reporter-output>
        </test-method> <!-- performControlPlusAUsingSelenium -->
      </class> <!-- selenium.Perform_Contol_Plus_A_Using_Selenium -->
    </test> <!-- Default test -->
  </suite> <!-- Default suite -->
</testng-results>
